# JRE version: Java(TM) SE Runtime Environment (8.0_212-b10) (build 1.8.0_212-b10)
# Java VM: Java HotSpot(TM) 64-Bit Server VM (25.212-b10 mixed mode linux-amd64 compressed oops)
Heap:
 PSYoungGen      total 2407936K, used 1840195K [0x0000000723c00000, 0x00000007bfb80000, 0x00000007c0000000)
  eden space 2261504K, 77% used [0x0000000723c00000,0x000000078e5ebec0,0x00000007adc80000)
  from space 146432K, 63% used [0x00000007adc80000,0x00000007b37a4e20,0x00000007b6b80000)
  to   space 146944K, 0% used [0x00000007b6c00000,0x00000007b6c00000,0x00000007bfb80000)
 ParOldGen       total 843264K, used 387203K [0x00000005eb400000, 0x000000061eb80000, 0x0000000723c00000)
  object space 843264K, 45% used [0x00000005eb400000,0x0000000602e20fc8,0x000000061eb80000)
 Metaspace       used 24869K, capacity 25646K, committed 25728K, reserved 1073152K
  class space    used 2755K, capacity 2887K, committed 2944K, reserved 1048576K
GC Heap History (10 events):
Event: 225.930 GC heap before
{Heap before GC invocations=16 (full 2):
 PSYoungGen      total 1451008K, used 1398684K [0x0000000723c00000, 0x00000007aac00000, 0x00000007c0000000)
  eden space 1311744K, 100% used [0x0000000723c00000,0x0000000773d00000,0x0000000773d00000)
  from space 139264K, 62% used [0x0000000773d00000,0x00000007791e71f0,0x000000077c500000)
  to   space 140288K, 0% used [0x00000007a2300000,0x00000007a2300000,0x00000007aac00000)
 ParOldGen       total 547840K, used 299527K [0x00000005eb400000, 0x000000060cb00000, 0x0000000723c00000)
  object space 547840K, 54% used [0x00000005eb400000,0x00000005fd881e28,0x000000060cb00000)
 Metaspace       used 24632K, capacity 25466K, committed 25728K, reserved 1073152K
  class space    used 2756K, capacity 2889K, committed 2944K, reserved 1048576K
Event: 228.135 GC heap after
Heap after GC invocations=16 (full 2):
 PSYoungGen      total 2070528K, used 85785K [0x0000000723c00000, 0x00000007aab80000, 0x00000007c0000000)
  eden space 1930752K, 0% used [0x0000000723c00000,0x0000000723c00000,0x0000000799980000)
  from space 139776K, 61% used [0x00000007a2300000,0x00000007a76c64e0,0x00000007aab80000)
  to   space 140288K, 0% used [0x0000000799980000,0x0000000799980000,0x00000007a2280000)
 ParOldGen       total 547840K, used 359574K [0x00000005eb400000, 0x000000060cb00000, 0x0000000723c00000)
  object space 547840K, 65% used [0x00000005eb400000,0x0000000601325bf8,0x000000060cb00000)
 Metaspace       used 24632K, capacity 25466K, committed 25728K, reserved 1073152K
  class space    used 2756K, capacity 2889K, committed 2944K, reserved 1048576K
}
Event: 248.545 GC heap before
{Heap before GC invocations=17 (full 2):
 PSYoungGen      total 2070528K, used 2016537K [0x0000000723c00000, 0x00000007aab80000, 0x00000007c0000000)
  eden space 1930752K, 100% used [0x0000000723c00000,0x0000000799980000,0x0000000799980000)
  from space 139776K, 61% used [0x00000007a2300000,0x00000007a76c64e0,0x00000007aab80000)
  to   space 140288K, 0% used [0x0000000799980000,0x0000000799980000,0x00000007a2280000)
 ParOldGen       total 547840K, used 359574K [0x00000005eb400000, 0x000000060cb00000, 0x0000000723c00000)
  object space 547840K, 65% used [0x00000005eb400000,0x0000000601325bf8,0x000000060cb00000)
 Metaspace       used 24667K, capacity 25466K, committed 25728K, reserved 1073152K
  class space    used 2756K, capacity 2889K, committed 2944K, reserved 1048576K
Event: 251.334 GC heap after
Heap after GC invocations=17 (full 2):
 PSYoungGen      total 2071040K, used 118197K [0x0000000723c00000, 0x00000007c0000000, 0x00000007c0000000)
  eden space 1930752K, 0% used [0x0000000723c00000,0x0000000723c00000,0x0000000799980000)
  from space 140288K, 84% used [0x0000000799980000,0x00000007a0ced6a8,0x00000007a2280000)
  to   space 152064K, 0% used [0x00000007b6b80000,0x00000007b6b80000,0x00000007c0000000)
 ParOldGen       total 547840K, used 404371K [0x00000005eb400000, 0x000000060cb00000, 0x0000000723c00000)
  object space 547840K, 73% used [0x00000005eb400000,0x0000000603ee4de8,0x000000060cb00000)
 Metaspace       used 24667K, capacity 25466K, committed 25728K, reserved 1073152K
  class space    used 2756K, capacity 2889K, committed 2944K, reserved 1048576K
}
Event: 281.550 GC heap before
{Heap before GC invocations=18 (full 2):
 PSYoungGen      total 2071040K, used 2048949K [0x0000000723c00000, 0x00000007c0000000, 0x00000007c0000000)
  eden space 1930752K, 100% used [0x0000000723c00000,0x0000000799980000,0x0000000799980000)
  from space 140288K, 84% used [0x0000000799980000,0x00000007a0ced6a8,0x00000007a2280000)
  to   space 152064K, 0% used [0x00000007b6b80000,0x00000007b6b80000,0x00000007c0000000)
 ParOldGen       total 547840K, used 404371K [0x00000005eb400000, 0x000000060cb00000, 0x0000000723c00000)
  object space 547840K, 73% used [0x00000005eb400000,0x0000000603ee4de8,0x000000060cb00000)
 Metaspace       used 24770K, capacity 25594K, committed 25728K, reserved 1073152K
  class space    used 2756K, capacity 2889K, committed 2944K, reserved 1048576K
Event: 283.898 GC heap after
Heap after GC invocations=18 (full 2):
 PSYoungGen      total 2413568K, used 59597K [0x0000000723c00000, 0x00000007c0000000, 0x00000007c0000000)
  eden space 2261504K, 0% used [0x0000000723c00000,0x0000000723c00000,0x00000007adc80000)
  from space 152064K, 39% used [0x00000007b6b80000,0x00000007ba5b3648,0x00000007c0000000)
  to   space 146432K, 0% used [0x00000007adc80000,0x00000007adc80000,0x00000007b6b80000)
 ParOldGen       total 547840K, used 503457K [0x00000005eb400000, 0x000000060cb00000, 0x0000000723c00000)
  object space 547840K, 91% used [0x00000005eb400000,0x0000000609fa87c8,0x000000060cb00000)
 Metaspace       used 24770K, capacity 25594K, committed 25728K, reserved 1073152K
  class space    used 2756K, capacity 2889K, committed 2944K, reserved 1048576K
}
Event: 283.898 GC heap before
{Heap before GC invocations=19 (full 3):
 PSYoungGen      total 2413568K, used 59597K [0x0000000723c00000, 0x00000007c0000000, 0x00000007c0000000)
  eden space 2261504K, 0% used [0x0000000723c00000,0x0000000723c00000,0x00000007adc80000)
  from space 152064K, 39% used [0x00000007b6b80000,0x00000007ba5b3648,0x00000007c0000000)
  to   space 146432K, 0% used [0x00000007adc80000,0x00000007adc80000,0x00000007b6b80000)
 ParOldGen       total 547840K, used 503457K [0x00000005eb400000, 0x000000060cb00000, 0x0000000723c00000)
  object space 547840K, 91% used [0x00000005eb400000,0x0000000609fa87c8,0x000000060cb00000)
 Metaspace       used 24770K, capacity 25594K, committed 25728K, reserved 1073152K
  class space    used 2756K, capacity 2889K, committed 2944K, reserved 1048576K
Event: 297.339 GC heap after
Heap after GC invocations=19 (full 3):
 PSYoungGen      total 2413568K, used 0K [0x0000000723c00000, 0x00000007c0000000, 0x00000007c0000000)
  eden space 2261504K, 0% used [0x0000000723c00000,0x0000000723c00000,0x00000007adc80000)
  from space 152064K, 0% used [0x00000007b6b80000,0x00000007b6b80000,0x00000007c0000000)
  to   space 146432K, 0% used [0x00000007adc80000,0x00000007adc80000,0x00000007b6b80000)
 ParOldGen       total 843264K, used 387195K [0x00000005eb400000, 0x000000061eb80000, 0x0000000723c00000)
  object space 843264K, 45% used [0x00000005eb400000,0x0000000602e1efc8,0x000000061eb80000)
 Metaspace       used 24763K, capacity 25582K, committed 25728K, reserved 1073152K
  class space    used 2755K, capacity 2887K, committed 2944K, reserved 1048576K
}
Event: 326.321 GC heap before
{Heap before GC invocations=20 (full 3):
 PSYoungGen      total 2413568K, used 2261504K [0x0000000723c00000, 0x00000007c0000000, 0x00000007c0000000)
  eden space 2261504K, 100% used [0x0000000723c00000,0x00000007adc80000,0x00000007adc80000)
  from space 152064K, 0% used [0x00000007b6b80000,0x00000007b6b80000,0x00000007c0000000)
  to   space 146432K, 0% used [0x00000007adc80000,0x00000007adc80000,0x00000007b6b80000)
 ParOldGen       total 843264K, used 387195K [0x00000005eb400000, 0x000000061eb80000, 0x0000000723c00000)
  object space 843264K, 45% used [0x00000005eb400000,0x0000000602e1efc8,0x000000061eb80000)
 Metaspace       used 24812K, capacity 25646K, committed 25728K, reserved 1073152K
  class space    used 2755K, capacity 2887K, committed 2944K, reserved 1048576K
Event: 332.621 GC heap after
Heap after GC invocations=20 (full 3):
 PSYoungGen      total 2407936K, used 93331K [0x0000000723c00000, 0x00000007bfb80000, 0x00000007c0000000)
  eden space 2261504K, 0% used [0x0000000723c00000,0x0000000723c00000,0x00000007adc80000)
  from space 146432K, 63% used [0x00000007adc80000,0x00000007b37a4e20,0x00000007b6b80000)
  to   space 146944K, 0% used [0x00000007b6c00000,0x00000007b6c00000,0x00000007bfb80000)
 ParOldGen       total 843264K, used 387203K [0x00000005eb400000, 0x000000061eb80000, 0x0000000723c00000)
  object space 843264K, 45% used [0x00000005eb400000,0x0000000602e20fc8,0x000000061eb80000)
 Metaspace       used 24812K, capacity 25646K, committed 25728K, reserved 1073152K
  class space    used 2755K, capacity 2887K, committed 2944K, reserved 1048576K
}

