# JRE version: Java(TM) SE Runtime Environment (8.0_212-b10) (build 1.8.0_212-b10)
# Java VM: Java HotSpot(TM) 64-Bit Server VM (25.212-b10 mixed mode linux-amd64 compressed oops)
Heap:
 PSYoungGen      total 2050048K, used 76854K [0x0000000723c00000, 0x00000007aaa80000, 0x00000007c0000000)
  eden space 1972736K, 0% used [0x0000000723c00000,0x0000000723c00000,0x000000079c280000)
  from space 77312K, 99% used [0x00000007a1380000,0x00000007a5e8da20,0x00000007a5f00000)
  to   space 43520K, 0% used [0x00000007a8000000,0x00000007a8000000,0x00000007aaa80000)
 ParOldGen       total 500736K, used 254108K [0x00000005eb400000, 0x0000000609d00000, 0x0000000723c00000)
  object space 500736K, 50% used [0x00000005eb400000,0x00000005fac27060,0x0000000609d00000)
 Metaspace       used 24252K, capacity 24796K, committed 24960K, reserved 1071104K
  class space    used 2702K, capacity 2820K, committed 2944K, reserved 1048576K
GC Heap History (10 events):
Event: 132.524 GC heap after
Heap after GC invocations=10 (full 1):
 PSYoungGen      total 997888K, used 60275K [0x0000000723c00000, 0x0000000781900000, 0x00000007c0000000)
  eden space 936960K, 0% used [0x0000000723c00000,0x0000000723c00000,0x000000075cf00000)
  from space 60928K, 98% used [0x000000075cf00000,0x00000007609dce00,0x0000000760a80000)
  to   space 67072K, 0% used [0x000000077d780000,0x000000077d780000,0x0000000781900000)
 ParOldGen       total 207360K, used 132685K [0x00000005eb400000, 0x00000005f7e80000, 0x0000000723c00000)
  object space 207360K, 63% used [0x00000005eb400000,0x00000005f35936f8,0x00000005f7e80000)
 Metaspace       used 23814K, capacity 24258K, committed 24576K, reserved 1071104K
  class space    used 2658K, capacity 2757K, committed 2816K, reserved 1048576K
}
Event: 139.904 GC heap before
{Heap before GC invocations=11 (full 1):
 PSYoungGen      total 997888K, used 997235K [0x0000000723c00000, 0x0000000781900000, 0x00000007c0000000)
  eden space 936960K, 100% used [0x0000000723c00000,0x000000075cf00000,0x000000075cf00000)
  from space 60928K, 98% used [0x000000075cf00000,0x00000007609dce00,0x0000000760a80000)
  to   space 67072K, 0% used [0x000000077d780000,0x000000077d780000,0x0000000781900000)
 ParOldGen       total 207360K, used 132685K [0x00000005eb400000, 0x00000005f7e80000, 0x0000000723c00000)
  object space 207360K, 63% used [0x00000005eb400000,0x00000005f35936f8,0x00000005f7e80000)
 Metaspace       used 23820K, capacity 24258K, committed 24576K, reserved 1071104K
  class space    used 2658K, capacity 2757K, committed 2816K, reserved 1048576K
Event: 141.994 GC heap after
Heap after GC invocations=11 (full 1):
 PSYoungGen      total 1454592K, used 67056K [0x0000000723c00000, 0x0000000783f00000, 0x00000007c0000000)
  eden space 1387520K, 0% used [0x0000000723c00000,0x0000000723c00000,0x0000000778700000)
  from space 67072K, 99% used [0x000000077d780000,0x00000007818fc350,0x0000000781900000)
  to   space 82432K, 0% used [0x0000000778700000,0x0000000778700000,0x000000077d780000)
 ParOldGen       total 207360K, used 155658K [0x00000005eb400000, 0x00000005f7e80000, 0x0000000723c00000)
  object space 207360K, 75% used [0x00000005eb400000,0x00000005f4c02888,0x00000005f7e80000)
 Metaspace       used 23820K, capacity 24258K, committed 24576K, reserved 1071104K
  class space    used 2658K, capacity 2757K, committed 2816K, reserved 1048576K
}
Event: 166.049 GC heap before
{Heap before GC invocations=12 (full 1):
 PSYoungGen      total 1454592K, used 1454576K [0x0000000723c00000, 0x0000000783f00000, 0x00000007c0000000)
  eden space 1387520K, 100% used [0x0000000723c00000,0x0000000778700000,0x0000000778700000)
  from space 67072K, 99% used [0x000000077d780000,0x00000007818fc350,0x0000000781900000)
  to   space 82432K, 0% used [0x0000000778700000,0x0000000778700000,0x000000077d780000)
 ParOldGen       total 207360K, used 155658K [0x00000005eb400000, 0x00000005f7e80000, 0x0000000723c00000)
  object space 207360K, 75% used [0x00000005eb400000,0x00000005f4c02888,0x00000005f7e80000)
 Metaspace       used 24090K, capacity 24578K, committed 24832K, reserved 1071104K
  class space    used 2688K, capacity 2805K, committed 2816K, reserved 1048576K
Event: 170.229 GC heap after
Heap after GC invocations=12 (full 1):
 PSYoungGen      total 1469952K, used 34657K [0x0000000723c00000, 0x00000007acf00000, 0x00000007c0000000)
  eden space 1387520K, 0% used [0x0000000723c00000,0x0000000723c00000,0x0000000778700000)
  from space 82432K, 42% used [0x0000000778700000,0x000000077a8d8668,0x000000077d780000)
  to   space 80896K, 0% used [0x00000007a8000000,0x00000007a8000000,0x00000007acf00000)
 ParOldGen       total 220672K, used 217073K [0x00000005eb400000, 0x00000005f8b80000, 0x0000000723c00000)
  object space 220672K, 98% used [0x00000005eb400000,0x00000005f87fc598,0x00000005f8b80000)
 Metaspace       used 24090K, capacity 24578K, committed 24832K, reserved 1071104K
  class space    used 2688K, capacity 2805K, committed 2816K, reserved 1048576K
}
Event: 170.229 GC heap before
{Heap before GC invocations=13 (full 2):
 PSYoungGen      total 1469952K, used 34657K [0x0000000723c00000, 0x00000007acf00000, 0x00000007c0000000)
  eden space 1387520K, 0% used [0x0000000723c00000,0x0000000723c00000,0x0000000778700000)
  from space 82432K, 42% used [0x0000000778700000,0x000000077a8d8668,0x000000077d780000)
  to   space 80896K, 0% used [0x00000007a8000000,0x00000007a8000000,0x00000007acf00000)
 ParOldGen       total 220672K, used 217073K [0x00000005eb400000, 0x00000005f8b80000, 0x0000000723c00000)
  object space 220672K, 98% used [0x00000005eb400000,0x00000005f87fc598,0x00000005f8b80000)
 Metaspace       used 24090K, capacity 24578K, committed 24832K, reserved 1071104K
  class space    used 2688K, capacity 2805K, committed 2816K, reserved 1048576K
Event: 179.499 GC heap after
Heap after GC invocations=13 (full 2):
 PSYoungGen      total 1469952K, used 0K [0x0000000723c00000, 0x00000007acf00000, 0x00000007c0000000)
  eden space 1387520K, 0% used [0x0000000723c00000,0x0000000723c00000,0x0000000778700000)
  from space 82432K, 0% used [0x0000000778700000,0x0000000778700000,0x000000077d780000)
  to   space 80896K, 0% used [0x00000007a8000000,0x00000007a8000000,0x00000007acf00000)
 ParOldGen       total 500736K, used 209998K [0x00000005eb400000, 0x0000000609d00000, 0x0000000723c00000)
  object space 500736K, 41% used [0x00000005eb400000,0x00000005f81139d0,0x0000000609d00000)
 Metaspace       used 24086K, capacity 24572K, committed 24832K, reserved 1071104K
  class space    used 2688K, capacity 2804K, committed 2816K, reserved 1048576K
}
Event: 196.781 GC heap before
{Heap before GC invocations=14 (full 2):
 PSYoungGen      total 1469952K, used 1387520K [0x0000000723c00000, 0x00000007acf00000, 0x00000007c0000000)
  eden space 1387520K, 100% used [0x0000000723c00000,0x0000000778700000,0x0000000778700000)
  from space 82432K, 0% used [0x0000000778700000,0x0000000778700000,0x000000077d780000)
  to   space 80896K, 0% used [0x00000007a8000000,0x00000007a8000000,0x00000007acf00000)
 ParOldGen       total 500736K, used 209998K [0x00000005eb400000, 0x0000000609d00000, 0x0000000723c00000)
  object space 500736K, 41% used [0x00000005eb400000,0x00000005f81139d0,0x0000000609d00000)
 Metaspace       used 24242K, capacity 24732K, committed 24960K, reserved 1071104K
  class space    used 2701K, capacity 2820K, committed 2944K, reserved 1048576K
Event: 197.043 GC heap after
Heap after GC invocations=14 (full 2):
 PSYoungGen      total 2016256K, used 43352K [0x0000000723c00000, 0x00000007aaa80000, 0x00000007c0000000)
  eden space 1972736K, 0% used [0x0000000723c00000,0x0000000723c00000,0x000000079c280000)
  from space 43520K, 99% used [0x00000007a8000000,0x00000007aaa56390,0x00000007aaa80000)
  to   space 77312K, 0% used [0x00000007a1380000,0x00000007a1380000,0x00000007a5f00000)
 ParOldGen       total 500736K, used 209998K [0x00000005eb400000, 0x0000000609d00000, 0x0000000723c00000)
  object space 500736K, 41% used [0x00000005eb400000,0x00000005f81139d0,0x0000000609d00000)
 Metaspace       used 24242K, capacity 24732K, committed 24960K, reserved 1071104K
  class space    used 2701K, capacity 2820K, committed 2944K, reserved 1048576K
}
Event: 201.832 GC heap before
{Heap before GC invocations=15 (full 2):
 PSYoungGen      total 2016256K, used 2016088K [0x0000000723c00000, 0x00000007aaa80000, 0x00000007c0000000)
  eden space 1972736K, 100% used [0x0000000723c00000,0x000000079c280000,0x000000079c280000)
  from space 43520K, 99% used [0x00000007a8000000,0x00000007aaa56390,0x00000007aaa80000)
  to   space 77312K, 0% used [0x00000007a1380000,0x00000007a1380000,0x00000007a5f00000)
 ParOldGen       total 500736K, used 209998K [0x00000005eb400000, 0x0000000609d00000, 0x0000000723c00000)
  object space 500736K, 41% used [0x00000005eb400000,0x00000005f81139d0,0x0000000609d00000)
 Metaspace       used 24252K, capacity 24796K, committed 24960K, reserved 1071104K
  class space    used 2702K, capacity 2820K, committed 2944K, reserved 1048576K

