# JRE version: Java(TM) SE Runtime Environment (8.0_212-b10) (build 1.8.0_212-b10)
# Java VM: Java HotSpot(TM) 64-Bit Server VM (25.212-b10 mixed mode linux-amd64 compressed oops)
Heap:
 PSYoungGen      total 783872K, used 48624K [0x0000000723c00000, 0x0000000757080000, 0x00000007c0000000)
  eden space 735232K, 0% used [0x0000000723c00000,0x0000000723c00000,0x0000000750a00000)
  from space 48640K, 99% used [0x0000000750a00000,0x000000075397c260,0x0000000753980000)
  to   space 46592K, 0% used [0x0000000753980000,0x0000000753980000,0x0000000756700000)
 ParOldGen       total 225792K, used 94488K [0x00000005eb400000, 0x00000005f9080000, 0x0000000723c00000)
  object space 225792K, 41% used [0x00000005eb400000,0x00000005f1046358,0x00000005f9080000)
 Metaspace       used 23906K, capacity 24410K, committed 24576K, reserved 1071104K
  class space    used 2678K, capacity 2799K, committed 2816K, reserved 1048576K
GC Heap History (10 events):
Event: 114.591 GC heap after
Heap after GC invocations=5 (full 1):
 PSYoungGen      total 227328K, used 19943K [0x0000000723c00000, 0x0000000733c00000, 0x00000007c0000000)
  eden space 207360K, 0% used [0x0000000723c00000,0x0000000723c00000,0x0000000730680000)
  from space 19968K, 99% used [0x0000000731a00000,0x0000000732d79fe8,0x0000000732d80000)
  to   space 19968K, 0% used [0x0000000730680000,0x0000000730680000,0x0000000731a00000)
 ParOldGen       total 225792K, used 63402K [0x00000005eb400000, 0x00000005f9080000, 0x0000000723c00000)
  object space 225792K, 28% used [0x00000005eb400000,0x00000005ef1ea870,0x00000005f9080000)
 Metaspace       used 23753K, capacity 24270K, committed 24320K, reserved 1071104K
  class space    used 2676K, capacity 2797K, committed 2816K, reserved 1048576K
}
Event: 123.205 GC heap before
{Heap before GC invocations=6 (full 1):
 PSYoungGen      total 227328K, used 227303K [0x0000000723c00000, 0x0000000733c00000, 0x00000007c0000000)
  eden space 207360K, 100% used [0x0000000723c00000,0x0000000730680000,0x0000000730680000)
  from space 19968K, 99% used [0x0000000731a00000,0x0000000732d79fe8,0x0000000732d80000)
  to   space 19968K, 0% used [0x0000000730680000,0x0000000730680000,0x0000000731a00000)
 ParOldGen       total 225792K, used 63402K [0x00000005eb400000, 0x00000005f9080000, 0x0000000723c00000)
  object space 225792K, 28% used [0x00000005eb400000,0x00000005ef1ea870,0x00000005f9080000)
 Metaspace       used 23778K, capacity 24270K, committed 24320K, reserved 1071104K
  class space    used 2676K, capacity 2797K, committed 2816K, reserved 1048576K
Event: 123.743 GC heap after
Heap after GC invocations=6 (full 1):
 PSYoungGen      total 227328K, used 19947K [0x0000000723c00000, 0x0000000741380000, 0x00000007c0000000)
  eden space 207360K, 0% used [0x0000000723c00000,0x0000000723c00000,0x0000000730680000)
  from space 19968K, 99% used [0x0000000730680000,0x00000007319fad98,0x0000000731a00000)
  to   space 49664K, 0% used [0x000000073e300000,0x000000073e300000,0x0000000741380000)
 ParOldGen       total 225792K, used 68920K [0x00000005eb400000, 0x00000005f9080000, 0x0000000723c00000)
  object space 225792K, 30% used [0x00000005eb400000,0x00000005ef74e1d0,0x00000005f9080000)
 Metaspace       used 23778K, capacity 24270K, committed 24320K, reserved 1071104K
  class space    used 2676K, capacity 2797K, committed 2816K, reserved 1048576K
}
Event: 127.551 GC heap before
{Heap before GC invocations=7 (full 1):
 PSYoungGen      total 227328K, used 227307K [0x0000000723c00000, 0x0000000741380000, 0x00000007c0000000)
  eden space 207360K, 100% used [0x0000000723c00000,0x0000000730680000,0x0000000730680000)
  from space 19968K, 99% used [0x0000000730680000,0x00000007319fad98,0x0000000731a00000)
  to   space 49664K, 0% used [0x000000073e300000,0x000000073e300000,0x0000000741380000)
 ParOldGen       total 225792K, used 68920K [0x00000005eb400000, 0x00000005f9080000, 0x0000000723c00000)
  object space 225792K, 30% used [0x00000005eb400000,0x00000005ef74e1d0,0x00000005f9080000)
 Metaspace       used 23827K, capacity 24340K, committed 24576K, reserved 1071104K
  class space    used 2677K, capacity 2798K, committed 2816K, reserved 1048576K
Event: 128.684 GC heap after
Heap after GC invocations=7 (full 1):
 PSYoungGen      total 435712K, used 27773K [0x0000000723c00000, 0x0000000741b00000, 0x00000007c0000000)
  eden space 386048K, 0% used [0x0000000723c00000,0x0000000723c00000,0x000000073b500000)
  from space 49664K, 55% used [0x000000073e300000,0x000000073fe1f748,0x0000000741380000)
  to   space 47104K, 0% used [0x000000073b500000,0x000000073b500000,0x000000073e300000)
 ParOldGen       total 225792K, used 68928K [0x00000005eb400000, 0x00000005f9080000, 0x0000000723c00000)
  object space 225792K, 30% used [0x00000005eb400000,0x00000005ef7501d0,0x00000005f9080000)
 Metaspace       used 23827K, capacity 24340K, committed 24576K, reserved 1071104K
  class space    used 2677K, capacity 2798K, committed 2816K, reserved 1048576K
}
Event: 138.337 GC heap before
{Heap before GC invocations=8 (full 1):
 PSYoungGen      total 435712K, used 413821K [0x0000000723c00000, 0x0000000741b00000, 0x00000007c0000000)
  eden space 386048K, 100% used [0x0000000723c00000,0x000000073b500000,0x000000073b500000)
  from space 49664K, 55% used [0x000000073e300000,0x000000073fe1f748,0x0000000741380000)
  to   space 47104K, 0% used [0x000000073b500000,0x000000073b500000,0x000000073e300000)
 ParOldGen       total 225792K, used 68928K [0x00000005eb400000, 0x00000005f9080000, 0x0000000723c00000)
  object space 225792K, 30% used [0x00000005eb400000,0x00000005ef7501d0,0x00000005f9080000)
 Metaspace       used 23846K, capacity 24346K, committed 24576K, reserved 1071104K
  class space    used 2678K, capacity 2799K, committed 2816K, reserved 1048576K
Event: 139.265 GC heap after
Heap after GC invocations=8 (full 1):
 PSYoungGen      total 433152K, used 33220K [0x0000000723c00000, 0x0000000756700000, 0x00000007c0000000)
  eden space 386048K, 0% used [0x0000000723c00000,0x0000000723c00000,0x000000073b500000)
  from space 47104K, 70% used [0x000000073b500000,0x000000073d571138,0x000000073e300000)
  to   space 46592K, 0% used [0x0000000753980000,0x0000000753980000,0x0000000756700000)
 ParOldGen       total 225792K, used 75721K [0x00000005eb400000, 0x00000005f9080000, 0x0000000723c00000)
  object space 225792K, 33% used [0x00000005eb400000,0x00000005efdf2570,0x00000005f9080000)
 Metaspace       used 23846K, capacity 24346K, committed 24576K, reserved 1071104K
  class space    used 2678K, capacity 2799K, committed 2816K, reserved 1048576K
}
Event: 143.833 GC heap before
{Heap before GC invocations=9 (full 1):
 PSYoungGen      total 433152K, used 419268K [0x0000000723c00000, 0x0000000756700000, 0x00000007c0000000)
  eden space 386048K, 100% used [0x0000000723c00000,0x000000073b500000,0x000000073b500000)
  from space 47104K, 70% used [0x000000073b500000,0x000000073d571138,0x000000073e300000)
  to   space 46592K, 0% used [0x0000000753980000,0x0000000753980000,0x0000000756700000)
 ParOldGen       total 225792K, used 75721K [0x00000005eb400000, 0x00000005f9080000, 0x0000000723c00000)
  object space 225792K, 33% used [0x00000005eb400000,0x00000005efdf2570,0x00000005f9080000)
 Metaspace       used 23906K, capacity 24410K, committed 24576K, reserved 1071104K
  class space    used 2678K, capacity 2799K, committed 2816K, reserved 1048576K
Event: 144.821 GC heap after
Heap after GC invocations=9 (full 1):
 PSYoungGen      total 781824K, used 40174K [0x0000000723c00000, 0x0000000757080000, 0x00000007c0000000)
  eden space 735232K, 0% used [0x0000000723c00000,0x0000000723c00000,0x0000000750a00000)
  from space 46592K, 86% used [0x0000000753980000,0x00000007560bb900,0x0000000756700000)
  to   space 48640K, 0% used [0x0000000750a00000,0x0000000750a00000,0x0000000753980000)
 ParOldGen       total 225792K, used 81389K [0x00000005eb400000, 0x00000005f9080000, 0x0000000723c00000)
  object space 225792K, 36% used [0x00000005eb400000,0x00000005f037b718,0x00000005f9080000)
 Metaspace       used 23906K, capacity 24410K, committed 24576K, reserved 1071104K
  class space    used 2678K, capacity 2799K, committed 2816K, reserved 1048576K
}
Event: 151.780 GC heap before
{Heap before GC invocations=10 (full 1):
 PSYoungGen      total 781824K, used 775406K [0x0000000723c00000, 0x0000000757080000, 0x00000007c0000000)
  eden space 735232K, 100% used [0x0000000723c00000,0x0000000750a00000,0x0000000750a00000)
  from space 46592K, 86% used [0x0000000753980000,0x00000007560bb900,0x0000000756700000)
  to   space 48640K, 0% used [0x0000000750a00000,0x0000000750a00000,0x0000000753980000)
 ParOldGen       total 225792K, used 81389K [0x00000005eb400000, 0x00000005f9080000, 0x0000000723c00000)
  object space 225792K, 36% used [0x00000005eb400000,0x00000005f037b718,0x00000005f9080000)
 Metaspace       used 23906K, capacity 24410K, committed 24576K, reserved 1071104K
  class space    used 2678K, capacity 2799K, committed 2816K, reserved 1048576K

