# JRE version: Java(TM) SE Runtime Environment (8.0_212-b10) (build 1.8.0_212-b10)
# Java VM: Java HotSpot(TM) 64-Bit Server VM (25.212-b10 mixed mode linux-amd64 compressed oops)
Heap:
 PSYoungGen      total 1478144K, used 51130K [0x0000000723c00000, 0x0000000782b00000, 0x00000007c0000000)
  eden space 1406464K, 0% used [0x0000000723c00000,0x0000000723c00000,0x0000000779980000)
  from space 71680K, 71% used [0x0000000779980000,0x000000077cb6e850,0x000000077df80000)
  to   space 64000K, 0% used [0x000000077df80000,0x000000077df80000,0x0000000781e00000)
 ParOldGen       total 316416K, used 158053K [0x00000005eb400000, 0x00000005fe900000, 0x0000000723c00000)
  object space 316416K, 49% used [0x00000005eb400000,0x00000005f4e59608,0x00000005fe900000)
 Metaspace       used 23936K, capacity 24442K, committed 24576K, reserved 1071104K
  class space    used 2672K, capacity 2793K, committed 2816K, reserved 1048576K
GC Heap History (10 events):
Event: 144.274 GC heap after
Heap after GC invocations=8 (full 1):
 PSYoungGen      total 511488K, used 43124K [0x0000000723c00000, 0x0000000761500000, 0x00000007c0000000)
  eden space 461824K, 0% used [0x0000000723c00000,0x0000000723c00000,0x000000073ff00000)
  from space 49664K, 86% used [0x000000073ff00000,0x000000074291d270,0x0000000742f80000)
  to   space 53760K, 0% used [0x000000075e080000,0x000000075e080000,0x0000000761500000)
 ParOldGen       total 140288K, used 77513K [0x00000005eb400000, 0x00000005f3d00000, 0x0000000723c00000)
  object space 140288K, 55% used [0x00000005eb400000,0x00000005effb27d8,0x00000005f3d00000)
 Metaspace       used 23826K, capacity 24366K, committed 24576K, reserved 1071104K
  class space    used 2671K, capacity 2791K, committed 2816K, reserved 1048576K
}
Event: 151.199 GC heap before
{Heap before GC invocations=9 (full 1):
 PSYoungGen      total 511488K, used 504948K [0x0000000723c00000, 0x0000000761500000, 0x00000007c0000000)
  eden space 461824K, 100% used [0x0000000723c00000,0x000000073ff00000,0x000000073ff00000)
  from space 49664K, 86% used [0x000000073ff00000,0x000000074291d270,0x0000000742f80000)
  to   space 53760K, 0% used [0x000000075e080000,0x000000075e080000,0x0000000761500000)
 ParOldGen       total 140288K, used 77513K [0x00000005eb400000, 0x00000005f3d00000, 0x0000000723c00000)
  object space 140288K, 55% used [0x00000005eb400000,0x00000005effb27d8,0x00000005f3d00000)
 Metaspace       used 23911K, capacity 24430K, committed 24576K, reserved 1071104K
  class space    used 2671K, capacity 2791K, committed 2816K, reserved 1048576K
Event: 154.694 GC heap after
Heap after GC invocations=9 (full 1):
 PSYoungGen      total 954368K, used 40124K [0x0000000723c00000, 0x0000000761a00000, 0x00000007c0000000)
  eden space 900608K, 0% used [0x0000000723c00000,0x0000000723c00000,0x000000075ab80000)
  from space 53760K, 74% used [0x000000075e080000,0x00000007607af2f0,0x0000000761500000)
  to   space 54272K, 0% used [0x000000075ab80000,0x000000075ab80000,0x000000075e080000)
 ParOldGen       total 140288K, used 91908K [0x00000005eb400000, 0x00000005f3d00000, 0x0000000723c00000)
  object space 140288K, 65% used [0x00000005eb400000,0x00000005f0dc1260,0x00000005f3d00000)
 Metaspace       used 23911K, capacity 24430K, committed 24576K, reserved 1071104K
  class space    used 2671K, capacity 2791K, committed 2816K, reserved 1048576K
}
Event: 166.644 GC heap before
{Heap before GC invocations=10 (full 1):
 PSYoungGen      total 954368K, used 940732K [0x0000000723c00000, 0x0000000761a00000, 0x00000007c0000000)
  eden space 900608K, 100% used [0x0000000723c00000,0x000000075ab80000,0x000000075ab80000)
  from space 53760K, 74% used [0x000000075e080000,0x00000007607af2f0,0x0000000761500000)
  to   space 54272K, 0% used [0x000000075ab80000,0x000000075ab80000,0x000000075e080000)
 ParOldGen       total 140288K, used 91908K [0x00000005eb400000, 0x00000005f3d00000, 0x0000000723c00000)
  object space 140288K, 65% used [0x00000005eb400000,0x00000005f0dc1260,0x00000005f3d00000)
 Metaspace       used 23916K, capacity 24430K, committed 24576K, reserved 1071104K
  class space    used 2671K, capacity 2791K, committed 2816K, reserved 1048576K
Event: 167.089 GC heap after
Heap after GC invocations=10 (full 1):
 PSYoungGen      total 954880K, used 54271K [0x0000000723c00000, 0x0000000781e00000, 0x00000007c0000000)
  eden space 900608K, 0% used [0x0000000723c00000,0x0000000723c00000,0x000000075ab80000)
  from space 54272K, 99% used [0x000000075ab80000,0x000000075e07fed0,0x000000075e080000)
  to   space 64000K, 0% used [0x000000077df80000,0x000000077df80000,0x0000000781e00000)
 ParOldGen       total 140288K, used 100772K [0x00000005eb400000, 0x00000005f3d00000, 0x0000000723c00000)
  object space 140288K, 71% used [0x00000005eb400000,0x00000005f16693b0,0x00000005f3d00000)
 Metaspace       used 23916K, capacity 24430K, committed 24576K, reserved 1071104K
  class space    used 2671K, capacity 2791K, committed 2816K, reserved 1048576K
}
Event: 171.871 GC heap before
{Heap before GC invocations=11 (full 1):
 PSYoungGen      total 954880K, used 954879K [0x0000000723c00000, 0x0000000781e00000, 0x00000007c0000000)
  eden space 900608K, 100% used [0x0000000723c00000,0x000000075ab80000,0x000000075ab80000)
  from space 54272K, 99% used [0x000000075ab80000,0x000000075e07fed0,0x000000075e080000)
  to   space 64000K, 0% used [0x000000077df80000,0x000000077df80000,0x0000000781e00000)
 ParOldGen       total 140288K, used 100772K [0x00000005eb400000, 0x00000005f3d00000, 0x0000000723c00000)
  object space 140288K, 71% used [0x00000005eb400000,0x00000005f16693b0,0x00000005f3d00000)
 Metaspace       used 23916K, capacity 24430K, committed 24576K, reserved 1071104K
  class space    used 2671K, capacity 2791K, committed 2816K, reserved 1048576K
Event: 172.573 GC heap after
Heap after GC invocations=11 (full 1):
 PSYoungGen      total 1470464K, used 63753K [0x0000000723c00000, 0x0000000782b00000, 0x00000007c0000000)
  eden space 1406464K, 0% used [0x0000000723c00000,0x0000000723c00000,0x0000000779980000)
  from space 64000K, 99% used [0x000000077df80000,0x0000000781dc2420,0x0000000781e00000)
  to   space 71680K, 0% used [0x0000000779980000,0x0000000779980000,0x000000077df80000)
 ParOldGen       total 140288K, used 125797K [0x00000005eb400000, 0x00000005f3d00000, 0x0000000723c00000)
  object space 140288K, 89% used [0x00000005eb400000,0x00000005f2ed96c0,0x00000005f3d00000)
 Metaspace       used 23916K, capacity 24430K, committed 24576K, reserved 1071104K
  class space    used 2671K, capacity 2791K, committed 2816K, reserved 1048576K
}
Event: 172.573 GC heap before
{Heap before GC invocations=12 (full 2):
 PSYoungGen      total 1470464K, used 63753K [0x0000000723c00000, 0x0000000782b00000, 0x00000007c0000000)
  eden space 1406464K, 0% used [0x0000000723c00000,0x0000000723c00000,0x0000000779980000)
  from space 64000K, 99% used [0x000000077df80000,0x0000000781dc2420,0x0000000781e00000)
  to   space 71680K, 0% used [0x0000000779980000,0x0000000779980000,0x000000077df80000)
 ParOldGen       total 140288K, used 125797K [0x00000005eb400000, 0x00000005f3d00000, 0x0000000723c00000)
  object space 140288K, 89% used [0x00000005eb400000,0x00000005f2ed96c0,0x00000005f3d00000)
 Metaspace       used 23916K, capacity 24430K, committed 24576K, reserved 1071104K
  class space    used 2671K, capacity 2791K, committed 2816K, reserved 1048576K
Event: 178.183 GC heap after
Heap after GC invocations=12 (full 2):
 PSYoungGen      total 1470464K, used 24689K [0x0000000723c00000, 0x0000000782b00000, 0x00000007c0000000)
  eden space 1406464K, 0% used [0x0000000723c00000,0x0000000723c00000,0x0000000779980000)
  from space 64000K, 38% used [0x000000077df80000,0x000000077f79c448,0x0000000781e00000)
  to   space 71680K, 0% used [0x0000000779980000,0x0000000779980000,0x000000077df80000)
 ParOldGen       total 316416K, used 140250K [0x00000005eb400000, 0x00000005fe900000, 0x0000000723c00000)
  object space 316416K, 44% used [0x00000005eb400000,0x00000005f3cf6b58,0x00000005fe900000)
 Metaspace       used 23912K, capacity 24424K, committed 24576K, reserved 1071104K
  class space    used 2670K, capacity 2790K, committed 2816K, reserved 1048576K
}
Event: 187.655 GC heap before
{Heap before GC invocations=13 (full 2):
 PSYoungGen      total 1470464K, used 1431153K [0x0000000723c00000, 0x0000000782b00000, 0x00000007c0000000)
  eden space 1406464K, 100% used [0x0000000723c00000,0x0000000779980000,0x0000000779980000)
  from space 64000K, 38% used [0x000000077df80000,0x000000077f79c448,0x0000000781e00000)
  to   space 71680K, 0% used [0x0000000779980000,0x0000000779980000,0x000000077df80000)
 ParOldGen       total 316416K, used 140250K [0x00000005eb400000, 0x00000005fe900000, 0x0000000723c00000)
  object space 316416K, 44% used [0x00000005eb400000,0x00000005f3cf6b58,0x00000005fe900000)
 Metaspace       used 23936K, capacity 24442K, committed 24576K, reserved 1071104K
  class space    used 2672K, capacity 2793K, committed 2816K, reserved 1048576K

