# JRE version: Java(TM) SE Runtime Environment (8.0_212-b10) (build 1.8.0_212-b10)
# Java VM: Java HotSpot(TM) 64-Bit Server VM (25.212-b10 mixed mode linux-amd64 compressed oops)
Heap:
 PSYoungGen      total 1855488K, used 19611K [0x0000000723c00000, 0x0000000799000000, 0x00000007c0000000)
  eden space 1789952K, 0% used [0x0000000723c00000,0x0000000723c00000,0x0000000791000000)
  from space 65536K, 29% used [0x0000000791000000,0x0000000792326f20,0x0000000795000000)
  to   space 61440K, 0% used [0x0000000795400000,0x0000000795400000,0x0000000799000000)
 ParOldGen       total 233472K, used 148274K [0x00000005eb400000, 0x00000005f9800000, 0x0000000723c00000)
  object space 233472K, 63% used [0x00000005eb400000,0x00000005f44cca20,0x00000005f9800000)
 Metaspace       used 23912K, capacity 24444K, committed 24576K, reserved 1071104K
  class space    used 2694K, capacity 2804K, committed 2816K, reserved 1048576K
GC Heap History (10 events):
Event: 344.797 GC heap after
Heap after GC invocations=9 (full 1):
 PSYoungGen      total 927744K, used 42290K [0x0000000723c00000, 0x0000000760d00000, 0x00000007c0000000)
  eden space 864256K, 0% used [0x0000000723c00000,0x0000000723c00000,0x0000000758800000)
  from space 63488K, 66% used [0x000000075c580000,0x000000075eecc898,0x0000000760380000)
  to   space 62976K, 0% used [0x0000000758800000,0x0000000758800000,0x000000075c580000)
 ParOldGen       total 233472K, used 124460K [0x00000005eb400000, 0x00000005f9800000, 0x0000000723c00000)
  object space 233472K, 53% used [0x00000005eb400000,0x00000005f2d8b368,0x00000005f9800000)
 Metaspace       used 23665K, capacity 24090K, committed 24320K, reserved 1071104K
  class space    used 2671K, capacity 2777K, committed 2816K, reserved 1048576K
}
Event: 375.585 GC heap before
{Heap before GC invocations=10 (full 1):
 PSYoungGen      total 927744K, used 906546K [0x0000000723c00000, 0x0000000760d00000, 0x00000007c0000000)
  eden space 864256K, 100% used [0x0000000723c00000,0x0000000758800000,0x0000000758800000)
  from space 63488K, 66% used [0x000000075c580000,0x000000075eecc898,0x0000000760380000)
  to   space 62976K, 0% used [0x0000000758800000,0x0000000758800000,0x000000075c580000)
 ParOldGen       total 233472K, used 124460K [0x00000005eb400000, 0x00000005f9800000, 0x0000000723c00000)
  object space 233472K, 53% used [0x00000005eb400000,0x00000005f2d8b368,0x00000005f9800000)
 Metaspace       used 23754K, capacity 24154K, committed 24320K, reserved 1071104K
  class space    used 2678K, capacity 2777K, committed 2816K, reserved 1048576K
Event: 377.416 GC heap after
Heap after GC invocations=10 (full 1):
 PSYoungGen      total 927232K, used 9801K [0x0000000723c00000, 0x0000000779780000, 0x00000007c0000000)
  eden space 864256K, 0% used [0x0000000723c00000,0x0000000723c00000,0x0000000758800000)
  from space 62976K, 15% used [0x0000000758800000,0x00000007591925a0,0x000000075c580000)
  to   space 65024K, 0% used [0x0000000775800000,0x0000000775800000,0x0000000779780000)
 ParOldGen       total 233472K, used 128340K [0x00000005eb400000, 0x00000005f9800000, 0x0000000723c00000)
  object space 233472K, 54% used [0x00000005eb400000,0x00000005f3155388,0x00000005f9800000)
 Metaspace       used 23754K, capacity 24154K, committed 24320K, reserved 1071104K
  class space    used 2678K, capacity 2777K, committed 2816K, reserved 1048576K
}
Event: 397.471 GC heap before
{Heap before GC invocations=11 (full 1):
 PSYoungGen      total 927232K, used 873095K [0x0000000723c00000, 0x0000000779780000, 0x00000007c0000000)
  eden space 864256K, 99% used [0x0000000723c00000,0x000000075870f6c0,0x0000000758800000)
  from space 62976K, 15% used [0x0000000758800000,0x00000007591925a0,0x000000075c580000)
  to   space 65024K, 0% used [0x0000000775800000,0x0000000775800000,0x0000000779780000)
 ParOldGen       total 233472K, used 128340K [0x00000005eb400000, 0x00000005f9800000, 0x0000000723c00000)
  object space 233472K, 54% used [0x00000005eb400000,0x00000005f3155388,0x00000005f9800000)
 Metaspace       used 23858K, capacity 24286K, committed 24320K, reserved 1071104K
  class space    used 2690K, capacity 2799K, committed 2816K, reserved 1048576K
Event: 398.567 GC heap after
Heap after GC invocations=11 (full 1):
 PSYoungGen      total 1303552K, used 39039K [0x0000000723c00000, 0x0000000778500000, 0x00000007c0000000)
  eden space 1257472K, 0% used [0x0000000723c00000,0x0000000723c00000,0x0000000770800000)
  from space 46080K, 84% used [0x0000000775800000,0x0000000777e1fd58,0x0000000778500000)
  to   space 64000K, 0% used [0x0000000770800000,0x0000000770800000,0x0000000774680000)
 ParOldGen       total 233472K, used 128364K [0x00000005eb400000, 0x00000005f9800000, 0x0000000723c00000)
  object space 233472K, 54% used [0x00000005eb400000,0x00000005f315b388,0x00000005f9800000)
 Metaspace       used 23858K, capacity 24286K, committed 24320K, reserved 1071104K
  class space    used 2690K, capacity 2799K, committed 2816K, reserved 1048576K
}
Event: 414.800 GC heap before
{Heap before GC invocations=12 (full 1):
 PSYoungGen      total 1303552K, used 1296511K [0x0000000723c00000, 0x0000000778500000, 0x00000007c0000000)
  eden space 1257472K, 100% used [0x0000000723c00000,0x0000000770800000,0x0000000770800000)
  from space 46080K, 84% used [0x0000000775800000,0x0000000777e1fd58,0x0000000778500000)
  to   space 64000K, 0% used [0x0000000770800000,0x0000000770800000,0x0000000774680000)
 ParOldGen       total 233472K, used 128364K [0x00000005eb400000, 0x00000005f9800000, 0x0000000723c00000)
  object space 233472K, 54% used [0x00000005eb400000,0x00000005f315b388,0x00000005f9800000)
 Metaspace       used 23893K, capacity 24380K, committed 24576K, reserved 1071104K
  class space    used 2693K, capacity 2804K, committed 2816K, reserved 1048576K
Event: 415.252 GC heap after
Heap after GC invocations=12 (full 1):
 PSYoungGen      total 1321472K, used 18235K [0x0000000723c00000, 0x0000000799200000, 0x00000007c0000000)
  eden space 1257472K, 0% used [0x0000000723c00000,0x0000000723c00000,0x0000000770800000)
  from space 64000K, 28% used [0x0000000770800000,0x00000007719ced28,0x0000000774680000)
  to   space 63488K, 0% used [0x0000000795400000,0x0000000795400000,0x0000000799200000)
 ParOldGen       total 233472K, used 134501K [0x00000005eb400000, 0x00000005f9800000, 0x0000000723c00000)
  object space 233472K, 57% used [0x00000005eb400000,0x00000005f3759630,0x00000005f9800000)
 Metaspace       used 23893K, capacity 24380K, committed 24576K, reserved 1071104K
  class space    used 2693K, capacity 2804K, committed 2816K, reserved 1048576K
}
Event: 437.126 GC heap before
{Heap before GC invocations=13 (full 1):
 PSYoungGen      total 1321472K, used 1275707K [0x0000000723c00000, 0x0000000799200000, 0x00000007c0000000)
  eden space 1257472K, 100% used [0x0000000723c00000,0x0000000770800000,0x0000000770800000)
  from space 64000K, 28% used [0x0000000770800000,0x00000007719ced28,0x0000000774680000)
  to   space 63488K, 0% used [0x0000000795400000,0x0000000795400000,0x0000000799200000)
 ParOldGen       total 233472K, used 134501K [0x00000005eb400000, 0x00000005f9800000, 0x0000000723c00000)
  object space 233472K, 57% used [0x00000005eb400000,0x00000005f3759630,0x00000005f9800000)
 Metaspace       used 23910K, capacity 24444K, committed 24576K, reserved 1071104K
  class space    used 2694K, capacity 2804K, committed 2816K, reserved 1048576K
Event: 439.388 GC heap after
Heap after GC invocations=13 (full 1):
 PSYoungGen      total 1851392K, used 46366K [0x0000000723c00000, 0x0000000799000000, 0x00000007c0000000)
  eden space 1789952K, 0% used [0x0000000723c00000,0x0000000723c00000,0x0000000791000000)
  from space 61440K, 75% used [0x0000000795400000,0x0000000798147ad8,0x0000000799000000)
  to   space 65536K, 0% used [0x0000000791000000,0x0000000791000000,0x0000000795000000)
 ParOldGen       total 233472K, used 134795K [0x00000005eb400000, 0x00000005f9800000, 0x0000000723c00000)
  object space 233472K, 57% used [0x00000005eb400000,0x00000005f37a2fb0,0x00000005f9800000)
 Metaspace       used 23910K, capacity 24444K, committed 24576K, reserved 1071104K
  class space    used 2694K, capacity 2804K, committed 2816K, reserved 1048576K
}
Event: 478.335 GC heap before
{Heap before GC invocations=14 (full 1):
 PSYoungGen      total 1851392K, used 1836318K [0x0000000723c00000, 0x0000000799000000, 0x00000007c0000000)
  eden space 1789952K, 100% used [0x0000000723c00000,0x0000000791000000,0x0000000791000000)
  from space 61440K, 75% used [0x0000000795400000,0x0000000798147ad8,0x0000000799000000)
  to   space 65536K, 0% used [0x0000000791000000,0x0000000791000000,0x0000000795000000)
 ParOldGen       total 233472K, used 134795K [0x00000005eb400000, 0x00000005f9800000, 0x0000000723c00000)
  object space 233472K, 57% used [0x00000005eb400000,0x00000005f37a2fb0,0x00000005f9800000)
 Metaspace       used 23912K, capacity 24444K, committed 24576K, reserved 1071104K
  class space    used 2694K, capacity 2804K, committed 2816K, reserved 1048576K

