# JRE version: Java(TM) SE Runtime Environment (8.0_212-b10) (build 1.8.0_212-b10)
# Java VM: Java HotSpot(TM) 64-Bit Server VM (25.212-b10 mixed mode linux-amd64 compressed oops)
Heap:
 PSYoungGen      total 1211392K, used 40030K [0x0000000723c00000, 0x0000000773180000, 0x00000007c0000000)
  eden space 1149440K, 0% used [0x0000000723c00000,0x0000000723c00000,0x0000000769e80000)
  from space 61952K, 64% used [0x0000000769e80000,0x000000076c597ab8,0x000000076db00000)
  to   space 61952K, 0% used [0x000000076db00000,0x000000076db00000,0x0000000771780000)
 ParOldGen       total 233472K, used 213498K [0x00000005eb400000, 0x00000005f9800000, 0x0000000723c00000)
  object space 233472K, 91% used [0x00000005eb400000,0x00000005f847e820,0x00000005f9800000)
 Metaspace       used 23951K, capacity 24526K, committed 24704K, reserved 1071104K
  class space    used 2685K, capacity 2819K, committed 2944K, reserved 1048576K
GC Heap History (10 events):
Event: 124.981 GC heap after
Heap after GC invocations=9 (full 1):
 PSYoungGen      total 582144K, used 34492K [0x0000000723c00000, 0x000000074ae80000, 0x00000007c0000000)
  eden space 529408K, 0% used [0x0000000723c00000,0x0000000723c00000,0x0000000744100000)
  from space 52736K, 65% used [0x0000000747380000,0x000000074952f030,0x000000074a700000)
  to   space 51712K, 0% used [0x0000000744100000,0x0000000744100000,0x0000000747380000)
 ParOldGen       total 233472K, used 89878K [0x00000005eb400000, 0x00000005f9800000, 0x0000000723c00000)
  object space 233472K, 38% used [0x00000005eb400000,0x00000005f0bc5a40,0x00000005f9800000)
 Metaspace       used 23796K, capacity 24288K, committed 24320K, reserved 1071104K
  class space    used 2669K, capacity 2790K, committed 2816K, reserved 1048576K
}
Event: 135.873 GC heap before
{Heap before GC invocations=10 (full 1):
 PSYoungGen      total 582144K, used 563900K [0x0000000723c00000, 0x000000074ae80000, 0x00000007c0000000)
  eden space 529408K, 100% used [0x0000000723c00000,0x0000000744100000,0x0000000744100000)
  from space 52736K, 65% used [0x0000000747380000,0x000000074952f030,0x000000074a700000)
  to   space 51712K, 0% used [0x0000000744100000,0x0000000744100000,0x0000000747380000)
 ParOldGen       total 233472K, used 89878K [0x00000005eb400000, 0x00000005f9800000, 0x0000000723c00000)
  object space 233472K, 38% used [0x00000005eb400000,0x00000005f0bc5a40,0x00000005f9800000)
 Metaspace       used 23796K, capacity 24288K, committed 24320K, reserved 1071104K
  class space    used 2669K, capacity 2790K, committed 2816K, reserved 1048576K
Event: 136.309 GC heap after
Heap after GC invocations=10 (full 1):
 PSYoungGen      total 581120K, used 47799K [0x0000000723c00000, 0x000000075aa00000, 0x00000007c0000000)
  eden space 529408K, 0% used [0x0000000723c00000,0x0000000723c00000,0x0000000744100000)
  from space 51712K, 92% used [0x0000000744100000,0x0000000746fadd50,0x0000000747380000)
  to   space 56320K, 0% used [0x0000000757300000,0x0000000757300000,0x000000075aa00000)
 ParOldGen       total 233472K, used 90480K [0x00000005eb400000, 0x00000005f9800000, 0x0000000723c00000)
  object space 233472K, 38% used [0x00000005eb400000,0x00000005f0c5c230,0x00000005f9800000)
 Metaspace       used 23796K, capacity 24288K, committed 24320K, reserved 1071104K
  class space    used 2669K, capacity 2790K, committed 2816K, reserved 1048576K
}
Event: 140.405 GC heap before
{Heap before GC invocations=11 (full 1):
 PSYoungGen      total 581120K, used 577207K [0x0000000723c00000, 0x000000075aa00000, 0x00000007c0000000)
  eden space 529408K, 100% used [0x0000000723c00000,0x0000000744100000,0x0000000744100000)
  from space 51712K, 92% used [0x0000000744100000,0x0000000746fadd50,0x0000000747380000)
  to   space 56320K, 0% used [0x0000000757300000,0x0000000757300000,0x000000075aa00000)
 ParOldGen       total 233472K, used 90480K [0x00000005eb400000, 0x00000005f9800000, 0x0000000723c00000)
  object space 233472K, 38% used [0x00000005eb400000,0x00000005f0c5c230,0x00000005f9800000)
 Metaspace       used 23796K, capacity 24288K, committed 24320K, reserved 1071104K
  class space    used 2669K, capacity 2790K, committed 2816K, reserved 1048576K
Event: 140.874 GC heap after
Heap after GC invocations=11 (full 1):
 PSYoungGen      total 837632K, used 53551K [0x0000000723c00000, 0x000000075b080000, 0x00000007c0000000)
  eden space 781312K, 0% used [0x0000000723c00000,0x0000000723c00000,0x0000000753700000)
  from space 56320K, 95% used [0x0000000757300000,0x000000075a74be70,0x000000075aa00000)
  to   space 61440K, 0% used [0x0000000753700000,0x0000000753700000,0x0000000757300000)
 ParOldGen       total 233472K, used 101133K [0x00000005eb400000, 0x00000005f9800000, 0x0000000723c00000)
  object space 233472K, 43% used [0x00000005eb400000,0x00000005f16c3400,0x00000005f9800000)
 Metaspace       used 23796K, capacity 24288K, committed 24320K, reserved 1071104K
  class space    used 2669K, capacity 2790K, committed 2816K, reserved 1048576K
}
Event: 151.963 GC heap before
{Heap before GC invocations=12 (full 1):
 PSYoungGen      total 837632K, used 833218K [0x0000000723c00000, 0x000000075b080000, 0x00000007c0000000)
  eden space 781312K, 99% used [0x0000000723c00000,0x0000000753564a38,0x0000000753700000)
  from space 56320K, 95% used [0x0000000757300000,0x000000075a74be70,0x000000075aa00000)
  to   space 61440K, 0% used [0x0000000753700000,0x0000000753700000,0x0000000757300000)
 ParOldGen       total 233472K, used 101133K [0x00000005eb400000, 0x00000005f9800000, 0x0000000723c00000)
  object space 233472K, 43% used [0x00000005eb400000,0x00000005f16c3400,0x00000005f9800000)
 Metaspace       used 23796K, capacity 24288K, committed 24320K, reserved 1071104K
  class space    used 2669K, capacity 2790K, committed 2816K, reserved 1048576K
Event: 153.128 GC heap after
Heap after GC invocations=12 (full 1):
 PSYoungGen      total 842752K, used 43026K [0x0000000723c00000, 0x0000000771780000, 0x00000007c0000000)
  eden space 781312K, 0% used [0x0000000723c00000,0x0000000723c00000,0x0000000753700000)
  from space 61440K, 70% used [0x0000000753700000,0x0000000756104aa0,0x0000000757300000)
  to   space 61952K, 0% used [0x000000076db00000,0x000000076db00000,0x0000000771780000)
 ParOldGen       total 233472K, used 138905K [0x00000005eb400000, 0x00000005f9800000, 0x0000000723c00000)
  object space 233472K, 59% used [0x00000005eb400000,0x00000005f3ba67f0,0x00000005f9800000)
 Metaspace       used 23796K, capacity 24288K, committed 24320K, reserved 1071104K
  class space    used 2669K, capacity 2790K, committed 2816K, reserved 1048576K
}
Event: 160.499 GC heap before
{Heap before GC invocations=13 (full 1):
 PSYoungGen      total 842752K, used 824338K [0x0000000723c00000, 0x0000000771780000, 0x00000007c0000000)
  eden space 781312K, 100% used [0x0000000723c00000,0x0000000753700000,0x0000000753700000)
  from space 61440K, 70% used [0x0000000753700000,0x0000000756104aa0,0x0000000757300000)
  to   space 61952K, 0% used [0x000000076db00000,0x000000076db00000,0x0000000771780000)
 ParOldGen       total 233472K, used 138905K [0x00000005eb400000, 0x00000005f9800000, 0x0000000723c00000)
  object space 233472K, 59% used [0x00000005eb400000,0x00000005f3ba67f0,0x00000005f9800000)
 Metaspace       used 23813K, capacity 24300K, committed 24576K, reserved 1071104K
  class space    used 2670K, capacity 2792K, committed 2816K, reserved 1048576K
Event: 164.360 GC heap after
Heap after GC invocations=13 (full 1):
 PSYoungGen      total 1211392K, used 43371K [0x0000000723c00000, 0x0000000773180000, 0x00000007c0000000)
  eden space 1149440K, 0% used [0x0000000723c00000,0x0000000723c00000,0x0000000769e80000)
  from space 61952K, 70% used [0x000000076db00000,0x000000077055af60,0x0000000771780000)
  to   space 61952K, 0% used [0x0000000769e80000,0x0000000769e80000,0x000000076db00000)
 ParOldGen       total 233472K, used 174043K [0x00000005eb400000, 0x00000005f9800000, 0x0000000723c00000)
  object space 233472K, 74% used [0x00000005eb400000,0x00000005f5df6e20,0x00000005f9800000)
 Metaspace       used 23813K, capacity 24300K, committed 24576K, reserved 1071104K
  class space    used 2670K, capacity 2792K, committed 2816K, reserved 1048576K
}
Event: 173.915 GC heap before
{Heap before GC invocations=14 (full 1):
 PSYoungGen      total 1211392K, used 1192811K [0x0000000723c00000, 0x0000000773180000, 0x00000007c0000000)
  eden space 1149440K, 100% used [0x0000000723c00000,0x0000000769e80000,0x0000000769e80000)
  from space 61952K, 70% used [0x000000076db00000,0x000000077055af60,0x0000000771780000)
  to   space 61952K, 0% used [0x0000000769e80000,0x0000000769e80000,0x000000076db00000)
 ParOldGen       total 233472K, used 174043K [0x00000005eb400000, 0x00000005f9800000, 0x0000000723c00000)
  object space 233472K, 74% used [0x00000005eb400000,0x00000005f5df6e20,0x00000005f9800000)
 Metaspace       used 23951K, capacity 24526K, committed 24704K, reserved 1071104K
  class space    used 2685K, capacity 2819K, committed 2944K, reserved 1048576K

