# JRE version: Java(TM) SE Runtime Environment (8.0_212-b10) (build 1.8.0_212-b10)
# Java VM: Java HotSpot(TM) 64-Bit Server VM (25.212-b10 mixed mode linux-amd64 compressed oops)
Heap:
 PSYoungGen      total 1707008K, used 0K [0x0000000723c00000, 0x00000007c0000000, 0x00000007c0000000)
  eden space 854016K, 0% used [0x0000000723c00000,0x0000000723c00000,0x0000000757e00000)
  from space 852992K, 0% used [0x000000078bf00000,0x000000078bf00000,0x00000007c0000000)
  to   space 852992K, 0% used [0x0000000757e00000,0x0000000757e00000,0x000000078bf00000)
 ParOldGen       total 4019712K, used 3898330K [0x00000005eb400000, 0x00000006e0980000, 0x0000000723c00000)
  object space 4019712K, 96% used [0x00000005eb400000,0x00000006d92f6950,0x00000006e0980000)
 Metaspace       used 17514K, capacity 17802K, committed 18048K, reserved 1064960K
  class space    used 1756K, capacity 1867K, committed 1920K, reserved 1048576K
GC Heap History (10 events):
Event: 492.902 GC heap after
Heap after GC invocations=97 (full 7):
 PSYoungGen      total 1689088K, used 642371K [0x0000000723c00000, 0x00000007c0000000, 0x00000007c0000000)
  eden space 854016K, 0% used [0x0000000723c00000,0x0000000723c00000,0x0000000757e00000)
  from space 835072K, 76% used [0x000000078d080000,0x00000007b43d0ee0,0x00000007c0000000)
  to   space 852992K, 0% used [0x0000000757e00000,0x0000000757e00000,0x000000078bf00000)
 ParOldGen       total 3984384K, used 3413463K [0x00000005eb400000, 0x00000006de700000, 0x0000000723c00000)
  object space 3984384K, 85% used [0x00000005eb400000,0x00000006bb975df0,0x00000006de700000)
 Metaspace       used 17508K, capacity 17802K, committed 18048K, reserved 1064960K
  class space    used 1756K, capacity 1867K, committed 1920K, reserved 1048576K
}
Event: 493.587 GC heap before
{Heap before GC invocations=98 (full 7):
 PSYoungGen      total 1689088K, used 1496387K [0x0000000723c00000, 0x00000007c0000000, 0x00000007c0000000)
  eden space 854016K, 100% used [0x0000000723c00000,0x0000000757e00000,0x0000000757e00000)
  from space 835072K, 76% used [0x000000078d080000,0x00000007b43d0ee0,0x00000007c0000000)
  to   space 852992K, 0% used [0x0000000757e00000,0x0000000757e00000,0x000000078bf00000)
 ParOldGen       total 3984384K, used 3413463K [0x00000005eb400000, 0x00000006de700000, 0x0000000723c00000)
  object space 3984384K, 85% used [0x00000005eb400000,0x00000006bb975df0,0x00000006de700000)
 Metaspace       used 17508K, capacity 17802K, committed 18048K, reserved 1064960K
  class space    used 1756K, capacity 1867K, committed 1920K, reserved 1048576K
Event: 494.561 GC heap after
Heap after GC invocations=98 (full 7):
 PSYoungGen      total 1707008K, used 722635K [0x0000000723c00000, 0x00000007c0000000, 0x00000007c0000000)
  eden space 854016K, 0% used [0x0000000723c00000,0x0000000723c00000,0x0000000757e00000)
  from space 852992K, 84% used [0x0000000757e00000,0x0000000783fb2f60,0x000000078bf00000)
  to   space 852992K, 0% used [0x000000078bf00000,0x000000078bf00000,0x00000007c0000000)
 ParOldGen       total 3984384K, used 3422191K [0x00000005eb400000, 0x00000006de700000, 0x0000000723c00000)
  object space 3984384K, 85% used [0x00000005eb400000,0x00000006bc1fbdf0,0x00000006de700000)
 Metaspace       used 17508K, capacity 17802K, committed 18048K, reserved 1064960K
  class space    used 1756K, capacity 1867K, committed 1920K, reserved 1048576K
}
Event: 495.412 GC heap before
{Heap before GC invocations=99 (full 7):
 PSYoungGen      total 1707008K, used 1576651K [0x0000000723c00000, 0x00000007c0000000, 0x00000007c0000000)
  eden space 854016K, 100% used [0x0000000723c00000,0x0000000757e00000,0x0000000757e00000)
  from space 852992K, 84% used [0x0000000757e00000,0x0000000783fb2f60,0x000000078bf00000)
  to   space 852992K, 0% used [0x000000078bf00000,0x000000078bf00000,0x00000007c0000000)
 ParOldGen       total 3984384K, used 3422191K [0x00000005eb400000, 0x00000006de700000, 0x0000000723c00000)
  object space 3984384K, 85% used [0x00000005eb400000,0x00000006bc1fbdf0,0x00000006de700000)
 Metaspace       used 17508K, capacity 17802K, committed 18048K, reserved 1064960K
  class space    used 1756K, capacity 1867K, committed 1920K, reserved 1048576K
Event: 496.408 GC heap after
Heap after GC invocations=99 (full 7):
 PSYoungGen      total 1707008K, used 673663K [0x0000000723c00000, 0x00000007c0000000, 0x00000007c0000000)
  eden space 854016K, 0% used [0x0000000723c00000,0x0000000723c00000,0x0000000757e00000)
  from space 852992K, 78% used [0x000000078bf00000,0x00000007b50dfe90,0x00000007c0000000)
  to   space 852992K, 0% used [0x0000000757e00000,0x0000000757e00000,0x000000078bf00000)
 ParOldGen       total 3984384K, used 3549327K [0x00000005eb400000, 0x00000006de700000, 0x0000000723c00000)
  object space 3984384K, 89% used [0x00000005eb400000,0x00000006c3e23df0,0x00000006de700000)
 Metaspace       used 17508K, capacity 17802K, committed 18048K, reserved 1064960K
  class space    used 1756K, capacity 1867K, committed 1920K, reserved 1048576K
}
Event: 496.903 GC heap before
{Heap before GC invocations=100 (full 7):
 PSYoungGen      total 1707008K, used 1527679K [0x0000000723c00000, 0x00000007c0000000, 0x00000007c0000000)
  eden space 854016K, 100% used [0x0000000723c00000,0x0000000757e00000,0x0000000757e00000)
  from space 852992K, 78% used [0x000000078bf00000,0x00000007b50dfe90,0x00000007c0000000)
  to   space 852992K, 0% used [0x0000000757e00000,0x0000000757e00000,0x000000078bf00000)
 ParOldGen       total 3984384K, used 3549327K [0x00000005eb400000, 0x00000006de700000, 0x0000000723c00000)
  object space 3984384K, 89% used [0x00000005eb400000,0x00000006c3e23df0,0x00000006de700000)
 Metaspace       used 17514K, capacity 17802K, committed 18048K, reserved 1064960K
  class space    used 1756K, capacity 1867K, committed 1920K, reserved 1048576K
Event: 497.977 GC heap after
Heap after GC invocations=100 (full 7):
 PSYoungGen      total 1707008K, used 560666K [0x0000000723c00000, 0x00000007c0000000, 0x00000007c0000000)
  eden space 854016K, 0% used [0x0000000723c00000,0x0000000723c00000,0x0000000757e00000)
  from space 852992K, 65% used [0x0000000757e00000,0x000000077a186a68,0x000000078bf00000)
  to   space 852992K, 0% used [0x000000078bf00000,0x000000078bf00000,0x00000007c0000000)
 ParOldGen       total 3984384K, used 3760303K [0x00000005eb400000, 0x00000006de700000, 0x0000000723c00000)
  object space 3984384K, 94% used [0x00000005eb400000,0x00000006d0c2bf78,0x00000006de700000)
 Metaspace       used 17514K, capacity 17802K, committed 18048K, reserved 1064960K
  class space    used 1756K, capacity 1867K, committed 1920K, reserved 1048576K
}
Event: 498.571 GC heap before
{Heap before GC invocations=101 (full 7):
 PSYoungGen      total 1707008K, used 1414682K [0x0000000723c00000, 0x00000007c0000000, 0x00000007c0000000)
  eden space 854016K, 100% used [0x0000000723c00000,0x0000000757e00000,0x0000000757e00000)
  from space 852992K, 65% used [0x0000000757e00000,0x000000077a186a68,0x000000078bf00000)
  to   space 852992K, 0% used [0x000000078bf00000,0x000000078bf00000,0x00000007c0000000)
 ParOldGen       total 3984384K, used 3760303K [0x00000005eb400000, 0x00000006de700000, 0x0000000723c00000)
  object space 3984384K, 94% used [0x00000005eb400000,0x00000006d0c2bf78,0x00000006de700000)
 Metaspace       used 17514K, capacity 17802K, committed 18048K, reserved 1064960K
  class space    used 1756K, capacity 1867K, committed 1920K, reserved 1048576K
Event: 499.518 GC heap after
Heap after GC invocations=101 (full 7):
 PSYoungGen      total 1707008K, used 339181K [0x0000000723c00000, 0x00000007c0000000, 0x00000007c0000000)
  eden space 854016K, 0% used [0x0000000723c00000,0x0000000723c00000,0x0000000757e00000)
  from space 852992K, 39% used [0x000000078bf00000,0x00000007a0a3b448,0x00000007c0000000)
  to   space 852992K, 0% used [0x0000000757e00000,0x0000000757e00000,0x000000078bf00000)
 ParOldGen       total 4019712K, used 4015977K [0x00000005eb400000, 0x00000006e0980000, 0x0000000723c00000)
  object space 4019712K, 99% used [0x00000005eb400000,0x00000006e05da4e8,0x00000006e0980000)
 Metaspace       used 17514K, capacity 17802K, committed 18048K, reserved 1064960K
  class space    used 1756K, capacity 1867K, committed 1920K, reserved 1048576K
}
Event: 499.518 GC heap before
{Heap before GC invocations=102 (full 8):
 PSYoungGen      total 1707008K, used 339181K [0x0000000723c00000, 0x00000007c0000000, 0x00000007c0000000)
  eden space 854016K, 0% used [0x0000000723c00000,0x0000000723c00000,0x0000000757e00000)
  from space 852992K, 39% used [0x000000078bf00000,0x00000007a0a3b448,0x00000007c0000000)
  to   space 852992K, 0% used [0x0000000757e00000,0x0000000757e00000,0x000000078bf00000)
 ParOldGen       total 4019712K, used 4015977K [0x00000005eb400000, 0x00000006e0980000, 0x0000000723c00000)
  object space 4019712K, 99% used [0x00000005eb400000,0x00000006e05da4e8,0x00000006e0980000)
 Metaspace       used 17514K, capacity 17802K, committed 18048K, reserved 1064960K
  class space    used 1756K, capacity 1867K, committed 1920K, reserved 1048576K

